This file contains any messages produced by compilers while
running configure, to aid debugging if configure makes a mistake.

It was created by Rcpp configure 2.0, which was
generated by GNU Autoconf 2.59.  Invocation command line was

  $ ./configure 

## --------- ##
## Platform. ##
## --------- ##

hostname = uncertainty
uname -m = x86_64
uname -r = 2.6.28-15-generic
uname -s = Linux
uname -v = #49-Ubuntu SMP Tue Aug 18 19:25:34 UTC 2009

/usr/bin/uname -p = unknown
/bin/uname -X     = unknown

/bin/arch              = unknown
/usr/bin/arch -k       = unknown
/usr/convex/getsysinfo = unknown
hostinfo               = unknown
/bin/machine           = unknown
/usr/bin/oslevel       = unknown
/bin/universe          = unknown

PATH: /usr/local/sbin
PATH: /usr/local/bin
PATH: /usr/sbin
PATH: /usr/bin
PATH: /sbin
PATH: /bin
PATH: /usr/games


## ----------- ##
## Core tests. ##
## ----------- ##

configure:1369: checking for C++ compiler version
configure:1372: g++ --version </dev/null >&5
g++ (Ubuntu 4.3.3-5ubuntu4) 4.3.3
Copyright (C) 2008 Free Software Foundation, Inc.
This is free software; see the source for copying conditions.  There is NO
warranty; not even for MERCHANTABILITY or FITNESS FOR A PARTICULAR PURPOSE.

configure:1375: $? = 0
configure:1377: g++ -v </dev/null >&5
Using built-in specs.
Target: x86_64-linux-gnu
Configured with: ../src/configure -v --with-pkgversion='Ubuntu 4.3.3-5ubuntu4' --with-bugurl=file:///usr/share/doc/gcc-4.3/README.Bugs --enable-languages=c,c++,fortran,objc,obj-c++ --prefix=/usr --enable-shared --with-system-zlib --libexecdir=/usr/lib --without-included-gettext --enable-threads=posix --enable-nls --with-gxx-include-dir=/usr/include/c++/4.3 --program-suffix=-4.3 --enable-clocale=gnu --enable-libstdcxx-debug --enable-objc-gc --enable-mpfr --with-tune=generic --enable-checking=release --build=x86_64-linux-gnu --host=x86_64-linux-gnu --target=x86_64-linux-gnu
Thread model: posix
gcc version 4.3.3 (Ubuntu 4.3.3-5ubuntu4) 
configure:1380: $? = 0
configure:1382: g++ -V </dev/null >&5
g++: '-V' option must have argument
configure:1385: $? = 1
configure:1408: checking for C++ compiler default output file name
configure:1411: g++ -g -O2   conftest.cc  >&5
configure:1414: $? = 0
configure:1460: result: a.out
configure:1465: checking whether the C++ compiler works
configure:1471: ./a.out
configure:1474: $? = 0
configure:1491: result: yes
configure:1498: checking whether we are cross compiling
configure:1500: result: no
configure:1503: checking for suffix of executables
configure:1505: g++ -o conftest -g -O2   conftest.cc  >&5
configure:1508: $? = 0
configure:1533: result: 
configure:1539: checking for suffix of object files
configure:1560: g++ -c -g -O2  conftest.cc >&5
configure:1563: $? = 0
configure:1585: result: o
configure:1589: checking whether we are using the GNU C++ compiler
configure:1613: g++ -c -g -O2  conftest.cc >&5
configure:1619: $? = 0
configure:1623: test -z 
			 || test ! -s conftest.err
configure:1626: $? = 0
configure:1629: test -s conftest.o
configure:1632: $? = 0
configure:1645: result: yes
configure:1651: checking whether g++ accepts -g
configure:1672: g++ -c -g  conftest.cc >&5
configure:1678: $? = 0
configure:1682: test -z 
			 || test ! -s conftest.err
configure:1685: $? = 0
configure:1688: test -s conftest.o
configure:1691: $? = 0
configure:1702: result: yes
configure:1744: g++ -c -g -O2  conftest.cc >&5
configure:1750: $? = 0
configure:1754: test -z 
			 || test ! -s conftest.err
configure:1757: $? = 0
configure:1760: test -s conftest.o
configure:1763: $? = 0
configure:1789: g++ -c -g -O2  conftest.cc >&5
conftest.cc: In function 'int main()':
conftest.cc:13: error: 'exit' was not declared in this scope
configure:1795: $? = 1
configure: failed program was:
| /* confdefs.h.  */
| 
| #define PACKAGE_NAME "Rcpp"
| #define PACKAGE_TARNAME "rcpp"
| #define PACKAGE_VERSION "2.0"
| #define PACKAGE_STRING "Rcpp 2.0"
| #define PACKAGE_BUGREPORT ""
| /* end confdefs.h.  */
| 
| int
| main ()
| {
| exit (42);
|   ;
|   return 0;
| }
configure:1744: g++ -c -g -O2  conftest.cc >&5
conftest.cc:9: error: 'void std::exit(int)' should have been declared inside 'std'
configure:1750: $? = 1
configure: failed program was:
| /* confdefs.h.  */
| 
| #define PACKAGE_NAME "Rcpp"
| #define PACKAGE_TARNAME "rcpp"
| #define PACKAGE_VERSION "2.0"
| #define PACKAGE_STRING "Rcpp 2.0"
| #define PACKAGE_BUGREPORT ""
| /* end confdefs.h.  */
| extern "C" void std::exit (int) throw (); using std::exit;
| #include <stdlib.h>
| int
| main ()
| {
| exit (42);
|   ;
|   return 0;
| }
configure:1744: g++ -c -g -O2  conftest.cc >&5
conftest.cc:9: error: 'void std::exit(int)' should have been declared inside 'std'
In file included from conftest.cc:10:
/usr/include/stdlib.h:531: error: declaration of 'void std::exit(int) throw ()' throws different exceptions
conftest.cc:9: error: from previous declaration 'void std::exit(int)'
configure:1750: $? = 1
configure: failed program was:
| /* confdefs.h.  */
| 
| #define PACKAGE_NAME "Rcpp"
| #define PACKAGE_TARNAME "rcpp"
| #define PACKAGE_VERSION "2.0"
| #define PACKAGE_STRING "Rcpp 2.0"
| #define PACKAGE_BUGREPORT ""
| /* end confdefs.h.  */
| extern "C" void std::exit (int); using std::exit;
| #include <stdlib.h>
| int
| main ()
| {
| exit (42);
|   ;
|   return 0;
| }
configure:1744: g++ -c -g -O2  conftest.cc >&5
configure:1750: $? = 0
configure:1754: test -z 
			 || test ! -s conftest.err
configure:1757: $? = 0
configure:1760: test -s conftest.o
configure:1763: $? = 0
configure:1789: g++ -c -g -O2  conftest.cc >&5
configure:1795: $? = 0
configure:1799: test -z 
			 || test ! -s conftest.err
configure:1802: $? = 0
configure:1805: test -s conftest.o
configure:1808: $? = 0
configure:1837: checking how to run the C++ preprocessor
configure:1868: g++ -E  conftest.cc
configure:1874: $? = 0
configure:1906: g++ -E  conftest.cc
conftest.cc:12:28: error: ac_nonexistent.h: No such file or directory
configure:1912: $? = 1
configure: failed program was:
| /* confdefs.h.  */
| 
| #define PACKAGE_NAME "Rcpp"
| #define PACKAGE_TARNAME "rcpp"
| #define PACKAGE_VERSION "2.0"
| #define PACKAGE_STRING "Rcpp 2.0"
| #define PACKAGE_BUGREPORT ""
| #ifdef __cplusplus
| extern "C" void exit (int) throw ();
| #endif
| /* end confdefs.h.  */
| #include <ac_nonexistent.h>
configure:1951: result: g++ -E
configure:1975: g++ -E  conftest.cc
configure:1981: $? = 0
configure:2013: g++ -E  conftest.cc
conftest.cc:12:28: error: ac_nonexistent.h: No such file or directory
configure:2019: $? = 1
configure: failed program was:
| /* confdefs.h.  */
| 
| #define PACKAGE_NAME "Rcpp"
| #define PACKAGE_TARNAME "rcpp"
| #define PACKAGE_VERSION "2.0"
| #define PACKAGE_STRING "Rcpp 2.0"
| #define PACKAGE_BUGREPORT ""
| #ifdef __cplusplus
| extern "C" void exit (int) throw ();
| #endif
| /* end confdefs.h.  */
| #include <ac_nonexistent.h>
configure:2204: creating ./config.status

## ---------------------- ##
## Running config.status. ##
## ---------------------- ##

This file was extended by Rcpp config.status 2.0, which was
generated by GNU Autoconf 2.59.  Invocation command line was

  CONFIG_FILES    = 
  CONFIG_HEADERS  = 
  CONFIG_LINKS    = 
  CONFIG_COMMANDS = 
  $ ./config.status 

on uncertainty

config.status:632: creating src/Makevars

## ---------------- ##
## Cache variables. ##
## ---------------- ##

ac_cv_cxx_compiler_gnu=yes
ac_cv_env_CPPFLAGS_set=
ac_cv_env_CPPFLAGS_value=
ac_cv_env_CXXCPP_set=
ac_cv_env_CXXCPP_value=
ac_cv_env_CXXFLAGS_set=
ac_cv_env_CXXFLAGS_value=
ac_cv_env_CXX_set=
ac_cv_env_CXX_value=
ac_cv_env_LDFLAGS_set=
ac_cv_env_LDFLAGS_value=
ac_cv_env_build_alias_set=
ac_cv_env_build_alias_value=
ac_cv_env_host_alias_set=
ac_cv_env_host_alias_value=
ac_cv_env_target_alias_set=
ac_cv_env_target_alias_value=
ac_cv_exeext=
ac_cv_objext=o
ac_cv_prog_CXXCPP='g++ -E'
ac_cv_prog_cxx_g=yes

## ----------------- ##
## Output variables. ##
## ----------------- ##

CPPFLAGS=' -I../RcppSrc -I/usr/include/libxml2 -I/usr/include/libxml2/libxml'
CXX='g++'
CXXCPP='g++ -E'
CXXFLAGS='-g -O2'
DEFS='-DPACKAGE_NAME=\"Rcpp\" -DPACKAGE_TARNAME=\"rcpp\" -DPACKAGE_VERSION=\"2.0\" -DPACKAGE_STRING=\"Rcpp\ 2.0\" -DPACKAGE_BUGREPORT=\"\" '
ECHO_C=''
ECHO_N='-n'
ECHO_T=''
EXEEXT=''
LDFLAGS=' -L../RcppSrc -lRcpp -lxml2'
LIBOBJS=''
LIBS=''
LTLIBOBJS=''
OBJEXT='o'
PACKAGE_BUGREPORT=''
PACKAGE_NAME='Rcpp'
PACKAGE_STRING='Rcpp 2.0'
PACKAGE_TARNAME='rcpp'
PACKAGE_VERSION='2.0'
PATH_SEPARATOR=':'
SHELL='/bin/bash'
ac_ct_CXX=''
bindir='${exec_prefix}/bin'
build_alias=''
datadir='${prefix}/share'
exec_prefix='${prefix}'
host_alias=''
includedir='${prefix}/include'
infodir='${prefix}/info'
libdir='${exec_prefix}/lib'
libexecdir='${exec_prefix}/libexec'
localstatedir='${prefix}/var'
mandir='${prefix}/man'
oldincludedir='/usr/include'
prefix='/usr/local'
program_transform_name='s,x,x,'
sbindir='${exec_prefix}/sbin'
sharedstatedir='${prefix}/com'
sysconfdir='${prefix}/etc'
target_alias=''

## ----------- ##
## confdefs.h. ##
## ----------- ##

#define PACKAGE_BUGREPORT ""
#define PACKAGE_NAME "Rcpp"
#define PACKAGE_STRING "Rcpp 2.0"
#define PACKAGE_TARNAME "rcpp"
#define PACKAGE_VERSION "2.0"
#endif
#ifdef __cplusplus
extern "C" void exit (int) throw ();

configure: exit 0
